Wed Nov 26 04:41:25 PM EST 2025 - Installation of pacackes: 
Wed Nov 26 04:41:25 PM EST 2025 - Install everything
Wed Nov 26 04:41:34 PM EST 2025 - Install everything
Wed Nov 26 04:41:35 PM EST 2025 - Install everything
Wed Nov 26 04:41:35 PM EST 2025 - Install everything
Wed Nov 26 04:41:35 PM EST 2025 - Creation of config folders:
Wed Nov 26 04:41:35 PM EST 2025 - Folder /home/ababiy/.config created.
Wed Nov 26 04:55:19 PM EST 2025 - Installation of pacackes: 
Wed Nov 26 04:55:19 PM EST 2025 - Install everything
Wed Nov 26 04:55:19 PM EST 2025 - Install everything
Wed Nov 26 04:55:19 PM EST 2025 - Install everything
Wed Nov 26 04:55:19 PM EST 2025 - Install everything
Wed Nov 26 04:55:19 PM EST 2025 - Creation of config folders:
Wed Nov 26 05:00:46 PM EST 2025 - Installation of pacackes: 
Wed Nov 26 05:00:46 PM EST 2025 - Install everything
Wed Nov 26 05:00:46 PM EST 2025 - Install everything
Wed Nov 26 05:00:47 PM EST 2025 - Install everything
Wed Nov 26 05:00:47 PM EST 2025 - Install everything
Wed Nov 26 05:00:47 PM EST 2025 - Creation of config folders:
Wed Nov 26 05:09:54 PM EST 2025 - Installation of pacackes: 
Wed Nov 26 05:09:54 PM EST 2025 - Install everything
Wed Nov 26 05:09:54 PM EST 2025 - Install everything
Wed Nov 26 05:09:55 PM EST 2025 - Install everything
Wed Nov 26 05:09:55 PM EST 2025 - Install everything
Wed Nov 26 05:09:55 PM EST 2025 - Creation of config folders:
Wed Nov 26 05:36:19 PM EST 2025 - Installation of packages:
Wed Nov 26 05:36:19 PM EST 2025 - Install everything
Wed Nov 26 05:36:23 PM EST 2025 - Install everything
Wed Nov 26 05:36:24 PM EST 2025 - Install everything
Wed Nov 26 05:36:24 PM EST 2025 - Install everything
Wed Nov 26 05:36:24 PM EST 2025 - Creation of config folder for current user:
